<?xml version="1.0" encoding="UTF-8"?>
<!-- Generated by org.testng.reporters.JUnitReportReporter -->
<testsuite hostname="PNL-5CD209FSV6" failures="0" tests="5" name="testDemo.Demo_GET" time="6.878" errors="0" timestamp="2023-04-20T23:48:50 IST" skipped="0">
  <testcase classname="testDemo.Demo_GET" name="GET_for_listusers" time="4.500"/>
  <system-out/>
  <testcase classname="testDemo.Demo_GET" name="GET_single_user" time="0.119"/>
  <system-out/>
  <testcase classname="testDemo.Demo_GET" name="POST_user" time="1.178"/>
  <system-out/>
  <testcase classname="testDemo.Demo_GET" name="PUT_user" time="0.589"/>
  <system-out/>
  <testcase classname="testDemo.Demo_GET" name="DELETE" time="0.492"/>
  <system-out/>
</testsuite> <!-- testDemo.Demo_GET -->
