<?xml version="1.0" encoding="UTF-8"?>
<!-- Generated by org.testng.reporters.JUnitReportReporter -->
<testsuite hostname="PNL-5CD209FSV6" failures="0" tests="4" name="api.test.UserTests" time="10.150" errors="0" timestamp="2023-04-20T14:07:52 IST" skipped="0">
  <testcase classname="api.test.UserTests" name="testPOSTUser" time="4.470"/>
  <system-out/>
  <testcase classname="api.test.UserTests" name="testGETUserbyName" time="1.391"/>
  <system-out/>
  <testcase classname="api.test.UserTests" name="testUPDATEUserbyName" time="2.962"/>
  <system-out/>
  <testcase classname="api.test.UserTests" name="testDELETEUserbyName" time="1.327"/>
  <system-out/>
</testsuite> <!-- api.test.UserTests -->
