<?xml version="1.0" encoding="UTF-8"?>
<!-- Generated by org.testng.reporters.JUnitReportReporter -->
<testsuite hostname="PNL-5CD209FSV6" failures="0" tests="4" name="api.test.UserTests2" time="10.058" errors="0" timestamp="2023-04-20T15:12:03 IST" skipped="0">
  <testcase classname="api.test.UserTests2" name="testPOSTUser" time="5.800"/>
  <system-out/>
  <testcase classname="api.test.UserTests2" name="testGETUserbyName" time="1.107"/>
  <system-out/>
  <testcase classname="api.test.UserTests2" name="testUPDATEUserbyName" time="2.119"/>
  <system-out/>
  <testcase classname="api.test.UserTests2" name="testDELETEUserbyName" time="1.032"/>
  <system-out/>
</testsuite> <!-- api.test.UserTests2 -->
