<?xml version="1.0" encoding="UTF-8"?>
<!-- Generated by org.testng.reporters.JUnitReportReporter -->
<testsuite hostname="PNL-5CD209FSV6" failures="0" tests="1" name="myFirstRestAssuredClass" time="4.013" errors="0" timestamp="17 Apr 2023 07:40:56 GMT">
  <testcase classname="myFirstRestAssuredClass" name="getResponseBody" time="4.013"/>
</testsuite> <!-- myFirstRestAssuredClass -->
