<?xml version="1.0" encoding="UTF-8"?>
<!-- Generated by org.testng.reporters.JUnitReportReporter -->
<testsuite hostname="PNL-5CD209FSV6" failures="0" tests="9" name="api.test.DDTest" time="15.573" errors="0" timestamp="2023-04-20T15:16:52 IST" skipped="0">
  <testcase classname="api.test.DDTest" name="testPOSTUser" time="4.205"/>
  <system-out/>
  <testcase classname="api.test.DDTest" name="testPOSTUser" time="1.397"/>
  <system-out/>
  <testcase classname="api.test.DDTest" name="testPOSTUser" time="1.428"/>
  <system-out/>
  <testcase classname="api.test.DDTest" name="GETUserbyName" time="1.530"/>
  <system-out/>
  <testcase classname="api.test.DDTest" name="GETUserbyName" time="1.547"/>
  <system-out/>
  <testcase classname="api.test.DDTest" name="GETUserbyName" time="1.334"/>
  <system-out/>
  <testcase classname="api.test.DDTest" name="DELETEUserbyName" time="1.439"/>
  <system-out/>
  <testcase classname="api.test.DDTest" name="DELETEUserbyName" time="1.160"/>
  <system-out/>
  <testcase classname="api.test.DDTest" name="DELETEUserbyName" time="1.533"/>
  <system-out/>
</testsuite> <!-- api.test.DDTest -->
