<?xml version="1.0" encoding="UTF-8"?>
<!-- Generated by org.testng.reporters.JUnitReportReporter -->
<testsuite hostname="PNL-5CD209FSV6" failures="0" tests="1" name="testDemo.myFirstRestAssuredClass" time="4.873" errors="0" timestamp="17 Apr 2023 08:58:32 GMT">
  <testcase classname="testDemo.myFirstRestAssuredClass" name="getResponseBody" time="4.873"/>
</testsuite> <!-- testDemo.myFirstRestAssuredClass -->
