<?xml version="1.0" encoding="UTF-8"?>
<!-- Generated by org.testng.reporters.JUnitReportReporter -->
<testsuite hostname="PNL-5CD209FSV6" failures="0" tests="9" name="api.test.DDTest" time="10.700" errors="0" timestamp="2023-04-21T11:09:33 IST" skipped="0">
  <testcase classname="api.test.DDTest" name="testPOSTUser" time="1.032"/>
  <system-out/>
  <testcase classname="api.test.DDTest" name="testPOSTUser" time="2.445"/>
  <system-out/>
  <testcase classname="api.test.DDTest" name="testPOSTUser" time="1.060"/>
  <system-out/>
  <testcase classname="api.test.DDTest" name="GETUserbyName" time="1.026"/>
  <system-out/>
  <testcase classname="api.test.DDTest" name="GETUserbyName" time="1.020"/>
  <system-out/>
  <testcase classname="api.test.DDTest" name="GETUserbyName" time="1.019"/>
  <system-out/>
  <testcase classname="api.test.DDTest" name="DELETEUserbyName" time="1.051"/>
  <system-out/>
  <testcase classname="api.test.DDTest" name="DELETEUserbyName" time="1.039"/>
  <system-out/>
  <testcase classname="api.test.DDTest" name="DELETEUserbyName" time="1.008"/>
  <system-out/>
</testsuite> <!-- api.test.DDTest -->
